# JRE version: Java(TM) SE Runtime Environment (8.0_121-b13) (build 1.8.0_121-b13)
# Java VM: Java HotSpot(TM) 64-Bit Server VM (25.121-b13 mixed mode windows-amd64 compressed oops)
Heap:
 PSYoungGen      total 210944K, used 208755K [0x00000000e0000000, 0x00000000f1680000, 0x0000000100000000)
  eden space 195584K, 100% used [0x00000000e0000000,0x00000000ebf00000,0x00000000ebf00000)
  from space 15360K, 85% used [0x00000000ecf80000,0x00000000edc5ceb8,0x00000000ede80000)
  to   space 16896K, 47% used [0x00000000ebf00000,0x00000000ec6d9bb8,0x00000000ecf80000)
 ParOldGen       total 52736K, used 36208K [0x00000000a0000000, 0x00000000a3380000, 0x00000000e0000000)
  object space 52736K, 68% used [0x00000000a0000000,0x00000000a235c2f8,0x00000000a3380000)
 Metaspace       used 55123K, capacity 56708K, committed 56832K, reserved 1097728K
  class space    used 7293K, capacity 7600K, committed 7680K, reserved 1048576K
GC Heap History (10 events):
Event: 26.935 GC heap after
Heap after GC invocations=13 (full 2):
 PSYoungGen      total 161792K, used 12260K [0x00000000e0000000, 0x00000000ee580000, 0x0000000100000000)
  eden space 149504K, 0% used [0x00000000e0000000,0x00000000e0000000,0x00000000e9200000)
  from space 12288K, 99% used [0x00000000e9200000,0x00000000e9df92d8,0x00000000e9e00000)
  to   space 16896K, 0% used [0x00000000ed500000,0x00000000ed500000,0x00000000ee580000)
 ParOldGen       total 52736K, used 26685K [0x00000000a0000000, 0x00000000a3380000, 0x00000000e0000000)
  object space 52736K, 50% used [0x00000000a0000000,0x00000000a1a0f458,0x00000000a3380000)
 Metaspace       used 47993K, capacity 49184K, committed 49408K, reserved 1091584K
  class space    used 6565K, capacity 6808K, committed 6912K, reserved 1048576K
}
Event: 39.290 GC heap before
{Heap before GC invocations=14 (full 2):
 PSYoungGen      total 161792K, used 161764K [0x00000000e0000000, 0x00000000ee580000, 0x0000000100000000)
  eden space 149504K, 100% used [0x00000000e0000000,0x00000000e9200000,0x00000000e9200000)
  from space 12288K, 99% used [0x00000000e9200000,0x00000000e9df92d8,0x00000000e9e00000)
  to   space 16896K, 0% used [0x00000000ed500000,0x00000000ed500000,0x00000000ee580000)
 ParOldGen       total 52736K, used 26685K [0x00000000a0000000, 0x00000000a3380000, 0x00000000e0000000)
  object space 52736K, 50% used [0x00000000a0000000,0x00000000a1a0f458,0x00000000a3380000)
 Metaspace       used 50911K, capacity 52130K, committed 52224K, reserved 1093632K
  class space    used 6873K, capacity 7139K, committed 7168K, reserved 1048576K
Event: 39.419 GC heap after
Heap after GC invocations=14 (full 2):
 PSYoungGen      total 207872K, used 5703K [0x00000000e0000000, 0x00000000edf80000, 0x0000000100000000)
  eden space 197120K, 0% used [0x00000000e0000000,0x00000000e0000000,0x00000000ec080000)
  from space 10752K, 53% used [0x00000000ed500000,0x00000000eda91cb8,0x00000000edf80000)
  to   space 15872K, 0% used [0x00000000ec080000,0x00000000ec080000,0x00000000ed000000)
 ParOldGen       total 52736K, used 35427K [0x00000000a0000000, 0x00000000a3380000, 0x00000000e0000000)
  object space 52736K, 67% used [0x00000000a0000000,0x00000000a2298cd8,0x00000000a3380000)
 Metaspace       used 50911K, capacity 52130K, committed 52224K, reserved 1093632K
  class space    used 6873K, capacity 7139K, committed 7168K, reserved 1048576K
}
Event: 43.482 GC heap before
{Heap before GC invocations=15 (full 2):
 PSYoungGen      total 207872K, used 114264K [0x00000000e0000000, 0x00000000edf80000, 0x0000000100000000)
  eden space 197120K, 55% used [0x00000000e0000000,0x00000000e6a044d8,0x00000000ec080000)
  from space 10752K, 53% used [0x00000000ed500000,0x00000000eda91cb8,0x00000000edf80000)
  to   space 15872K, 0% used [0x00000000ec080000,0x00000000ec080000,0x00000000ed000000)
 ParOldGen       total 52736K, used 35427K [0x00000000a0000000, 0x00000000a3380000, 0x00000000e0000000)
  object space 52736K, 67% used [0x00000000a0000000,0x00000000a2298cd8,0x00000000a3380000)
 Metaspace       used 54023K, capacity 55248K, committed 55424K, reserved 1097728K
  class space    used 7230K, capacity 7470K, committed 7552K, reserved 1048576K
Event: 43.581 GC heap after
Heap after GC invocations=15 (full 2):
 PSYoungGen      total 203776K, used 6547K [0x00000000e0000000, 0x00000000ede80000, 0x0000000100000000)
  eden space 197120K, 0% used [0x00000000e0000000,0x00000000e0000000,0x00000000ec080000)
  from space 6656K, 98% used [0x00000000ec080000,0x00000000ec6e4ce0,0x00000000ec700000)
  to   space 15360K, 0% used [0x00000000ecf80000,0x00000000ecf80000,0x00000000ede80000)
 ParOldGen       total 52736K, used 38829K [0x00000000a0000000, 0x00000000a3380000, 0x00000000e0000000)
  object space 52736K, 73% used [0x00000000a0000000,0x00000000a25eb608,0x00000000a3380000)
 Metaspace       used 54023K, capacity 55248K, committed 55424K, reserved 1097728K
  class space    used 7230K, capacity 7470K, committed 7552K, reserved 1048576K
}
Event: 43.581 GC heap before
{Heap before GC invocations=16 (full 3):
 PSYoungGen      total 203776K, used 6547K [0x00000000e0000000, 0x00000000ede80000, 0x0000000100000000)
  eden space 197120K, 0% used [0x00000000e0000000,0x00000000e0000000,0x00000000ec080000)
  from space 6656K, 98% used [0x00000000ec080000,0x00000000ec6e4ce0,0x00000000ec700000)
  to   space 15360K, 0% used [0x00000000ecf80000,0x00000000ecf80000,0x00000000ede80000)
 ParOldGen       total 52736K, used 38829K [0x00000000a0000000, 0x00000000a3380000, 0x00000000e0000000)
  object space 52736K, 73% used [0x00000000a0000000,0x00000000a25eb608,0x00000000a3380000)
 Metaspace       used 54023K, capacity 55248K, committed 55424K, reserved 1097728K
  class space    used 7230K, capacity 7470K, committed 7552K, reserved 1048576K
Event: 44.327 GC heap after
Heap after GC invocations=16 (full 3):
 PSYoungGen      total 203776K, used 0K [0x00000000e0000000, 0x00000000ede80000, 0x0000000100000000)
  eden space 197120K, 0% used [0x00000000e0000000,0x00000000e0000000,0x00000000ec080000)
  from space 6656K, 0% used [0x00000000ec080000,0x00000000ec080000,0x00000000ec700000)
  to   space 15360K, 0% used [0x00000000ecf80000,0x00000000ecf80000,0x00000000ede80000)
 ParOldGen       total 52736K, used 36192K [0x00000000a0000000, 0x00000000a3380000, 0x00000000e0000000)
  object space 52736K, 68% used [0x00000000a0000000,0x00000000a23582f8,0x00000000a3380000)
 Metaspace       used 54023K, capacity 55248K, committed 55424K, reserved 1097728K
  class space    used 7230K, capacity 7470K, committed 7552K, reserved 1048576K
}
Event: 83.414 GC heap before
{Heap before GC invocations=17 (full 3):
 PSYoungGen      total 203776K, used 197120K [0x00000000e0000000, 0x00000000ede80000, 0x0000000100000000)
  eden space 197120K, 100% used [0x00000000e0000000,0x00000000ec080000,0x00000000ec080000)
  from space 6656K, 0% used [0x00000000ec080000,0x00000000ec080000,0x00000000ec700000)
  to   space 15360K, 0% used [0x00000000ecf80000,0x00000000ecf80000,0x00000000ede80000)
 ParOldGen       total 52736K, used 36192K [0x00000000a0000000, 0x00000000a3380000, 0x00000000e0000000)
  object space 52736K, 68% used [0x00000000a0000000,0x00000000a23582f8,0x00000000a3380000)
 Metaspace       used 54961K, capacity 56424K, committed 56576K, reserved 1097728K
  class space    used 7285K, capacity 7558K, committed 7680K, reserved 1048576K
Event: 83.461 GC heap after
Heap after GC invocations=17 (full 3):
 PSYoungGen      total 210944K, used 13171K [0x00000000e0000000, 0x00000000f1680000, 0x0000000100000000)
  eden space 195584K, 0% used [0x00000000e0000000,0x00000000e0000000,0x00000000ebf00000)
  from space 15360K, 85% used [0x00000000ecf80000,0x00000000edc5ceb8,0x00000000ede80000)
  to   space 16896K, 0% used [0x00000000ebf00000,0x00000000ebf00000,0x00000000ecf80000)
 ParOldGen       total 52736K, used 36200K [0x00000000a0000000, 0x00000000a3380000, 0x00000000e0000000)
  object space 52736K, 68% used [0x00000000a0000000,0x00000000a235a2f8,0x00000000a3380000)
 Metaspace       used 54961K, capacity 56424K, committed 56576K, reserved 1097728K
  class space    used 7285K, capacity 7558K, committed 7680K, reserved 1048576K
}
Event: 89.754 GC heap before
{Heap before GC invocations=18 (full 3):
 PSYoungGen      total 210944K, used 208755K [0x00000000e0000000, 0x00000000f1680000, 0x0000000100000000)
  eden space 195584K, 100% used [0x00000000e0000000,0x00000000ebf00000,0x00000000ebf00000)
  from space 15360K, 85% used [0x00000000ecf80000,0x00000000edc5ceb8,0x00000000ede80000)
  to   space 16896K, 0% used [0x00000000ebf00000,0x00000000ebf00000,0x00000000ecf80000)
 ParOldGen       total 52736K, used 36200K [0x00000000a0000000, 0x00000000a3380000, 0x00000000e0000000)
  object space 52736K, 68% used [0x00000000a0000000,0x00000000a235a2f8,0x00000000a3380000)
 Metaspace       used 55123K, capacity 56708K, committed 56832K, reserved 1097728K
  class space    used 7293K, capacity 7600K, committed 7680K, reserved 1048576K

