# JRE version: Java(TM) SE Runtime Environment (8.0_121-b13) (build 1.8.0_121-b13)
# Java VM: Java HotSpot(TM) 64-Bit Server VM (25.121-b13 mixed mode windows-amd64 compressed oops)
Heap:
 PSYoungGen      total 152064K, used 152062K [0x00000000e0000000, 0x00000000ecd00000, 0x0000000100000000)
  eden space 141824K, 100% used [0x00000000e0000000,0x00000000e8a80000,0x00000000e8a80000)
  from space 10240K, 99% used [0x00000000e8a80000,0x00000000e947fb70,0x00000000e9480000)
  to   space 15872K, 36% used [0x00000000ebd80000,0x00000000ec31dba8,0x00000000ecd00000)
 ParOldGen       total 44544K, used 40670K [0x00000000a0000000, 0x00000000a2b80000, 0x00000000e0000000)
  object space 44544K, 91% used [0x00000000a0000000,0x00000000a27b7bc8,0x00000000a2b80000)
 Metaspace       used 52615K, capacity 53944K, committed 54272K, reserved 1095680K
  class space    used 7064K, capacity 7338K, committed 7424K, reserved 1048576K
GC Heap History (10 events):
Event: 42.914 GC heap after
Heap after GC invocations=15 (full 1):
 PSYoungGen      total 110080K, used 1379K [0x00000000e0000000, 0x00000000e7780000, 0x0000000100000000)
  eden space 102400K, 0% used [0x00000000e0000000,0x00000000e0000000,0x00000000e6400000)
  from space 7680K, 17% used [0x00000000e6b80000,0x00000000e6cd8f68,0x00000000e7300000)
  to   space 7680K, 0% used [0x00000000e6400000,0x00000000e6400000,0x00000000e6b80000)
 ParOldGen       total 32768K, used 16425K [0x00000000a0000000, 0x00000000a2000000, 0x00000000e0000000)
  object space 32768K, 50% used [0x00000000a0000000,0x00000000a100a610,0x00000000a2000000)
 Metaspace       used 34562K, capacity 35152K, committed 35456K, reserved 1079296K
  class space    used 4747K, capacity 4917K, committed 4992K, reserved 1048576K
}
Event: 42.914 GC heap before
{Heap before GC invocations=16 (full 2):
 PSYoungGen      total 110080K, used 1379K [0x00000000e0000000, 0x00000000e7780000, 0x0000000100000000)
  eden space 102400K, 0% used [0x00000000e0000000,0x00000000e0000000,0x00000000e6400000)
  from space 7680K, 17% used [0x00000000e6b80000,0x00000000e6cd8f68,0x00000000e7300000)
  to   space 7680K, 0% used [0x00000000e6400000,0x00000000e6400000,0x00000000e6b80000)
 ParOldGen       total 32768K, used 16425K [0x00000000a0000000, 0x00000000a2000000, 0x00000000e0000000)
  object space 32768K, 50% used [0x00000000a0000000,0x00000000a100a610,0x00000000a2000000)
 Metaspace       used 34562K, capacity 35152K, committed 35456K, reserved 1079296K
  class space    used 4747K, capacity 4917K, committed 4992K, reserved 1048576K
Event: 43.076 GC heap after
Heap after GC invocations=16 (full 2):
 PSYoungGen      total 110080K, used 0K [0x00000000e0000000, 0x00000000e7780000, 0x0000000100000000)
  eden space 102400K, 0% used [0x00000000e0000000,0x00000000e0000000,0x00000000e6400000)
  from space 7680K, 0% used [0x00000000e6b80000,0x00000000e6b80000,0x00000000e7300000)
  to   space 7680K, 0% used [0x00000000e6400000,0x00000000e6400000,0x00000000e6b80000)
 ParOldGen       total 44544K, used 14786K [0x00000000a0000000, 0x00000000a2b80000, 0x00000000e0000000)
  object space 44544K, 33% used [0x00000000a0000000,0x00000000a0e70b58,0x00000000a2b80000)
 Metaspace       used 34562K, capacity 35152K, committed 35456K, reserved 1079296K
  class space    used 4747K, capacity 4917K, committed 4992K, reserved 1048576K
}
Event: 50.268 GC heap before
{Heap before GC invocations=17 (full 2):
 PSYoungGen      total 110080K, used 102400K [0x00000000e0000000, 0x00000000e7780000, 0x0000000100000000)
  eden space 102400K, 100% used [0x00000000e0000000,0x00000000e6400000,0x00000000e6400000)
  from space 7680K, 0% used [0x00000000e6b80000,0x00000000e6b80000,0x00000000e7300000)
  to   space 7680K, 0% used [0x00000000e6400000,0x00000000e6400000,0x00000000e6b80000)
 ParOldGen       total 44544K, used 14786K [0x00000000a0000000, 0x00000000a2b80000, 0x00000000e0000000)
  object space 44544K, 33% used [0x00000000a0000000,0x00000000a0e70b58,0x00000000a2b80000)
 Metaspace       used 41619K, capacity 42366K, committed 42752K, reserved 1085440K
  class space    used 5672K, capacity 5863K, committed 5888K, reserved 1048576K
Event: 50.289 GC heap after
Heap after GC invocations=17 (full 2):
 PSYoungGen      total 110080K, used 7659K [0x00000000e0000000, 0x00000000e9d80000, 0x0000000100000000)
  eden space 102400K, 0% used [0x00000000e0000000,0x00000000e0000000,0x00000000e6400000)
  from space 7680K, 99% used [0x00000000e6400000,0x00000000e6b7ad10,0x00000000e6b80000)
  to   space 9216K, 0% used [0x00000000e9480000,0x00000000e9480000,0x00000000e9d80000)
 ParOldGen       total 44544K, used 15799K [0x00000000a0000000, 0x00000000a2b80000, 0x00000000e0000000)
  object space 44544K, 35% used [0x00000000a0000000,0x00000000a0f6dc88,0x00000000a2b80000)
 Metaspace       used 41619K, capacity 42366K, committed 42752K, reserved 1085440K
  class space    used 5672K, capacity 5863K, committed 5888K, reserved 1048576K
}
Event: 52.681 GC heap before
{Heap before GC invocations=18 (full 2):
 PSYoungGen      total 110080K, used 110059K [0x00000000e0000000, 0x00000000e9d80000, 0x0000000100000000)
  eden space 102400K, 100% used [0x00000000e0000000,0x00000000e6400000,0x00000000e6400000)
  from space 7680K, 99% used [0x00000000e6400000,0x00000000e6b7ad10,0x00000000e6b80000)
  to   space 9216K, 0% used [0x00000000e9480000,0x00000000e9480000,0x00000000e9d80000)
 ParOldGen       total 44544K, used 15799K [0x00000000a0000000, 0x00000000a2b80000, 0x00000000e0000000)
  object space 44544K, 35% used [0x00000000a0000000,0x00000000a0f6dc88,0x00000000a2b80000)
 Metaspace       used 45532K, capacity 46634K, committed 46720K, reserved 1089536K
  class space    used 6261K, capacity 6495K, committed 6528K, reserved 1048576K
Event: 52.742 GC heap after
Heap after GC invocations=18 (full 2):
 PSYoungGen      total 151040K, used 9097K [0x00000000e0000000, 0x00000000ea180000, 0x0000000100000000)
  eden space 141824K, 0% used [0x00000000e0000000,0x00000000e0000000,0x00000000e8a80000)
  from space 9216K, 98% used [0x00000000e9480000,0x00000000e9d62448,0x00000000e9d80000)
  to   space 10240K, 0% used [0x00000000e8a80000,0x00000000e8a80000,0x00000000e9480000)
 ParOldGen       total 44544K, used 20976K [0x00000000a0000000, 0x00000000a2b80000, 0x00000000e0000000)
  object space 44544K, 47% used [0x00000000a0000000,0x00000000a147c3a0,0x00000000a2b80000)
 Metaspace       used 45532K, capacity 46634K, committed 46720K, reserved 1089536K
  class space    used 6261K, capacity 6495K, committed 6528K, reserved 1048576K
}
Event: 65.968 GC heap before
{Heap before GC invocations=19 (full 2):
 PSYoungGen      total 151040K, used 150921K [0x00000000e0000000, 0x00000000ea180000, 0x0000000100000000)
  eden space 141824K, 100% used [0x00000000e0000000,0x00000000e8a80000,0x00000000e8a80000)
  from space 9216K, 98% used [0x00000000e9480000,0x00000000e9d62448,0x00000000e9d80000)
  to   space 10240K, 0% used [0x00000000e8a80000,0x00000000e8a80000,0x00000000e9480000)
 ParOldGen       total 44544K, used 20976K [0x00000000a0000000, 0x00000000a2b80000, 0x00000000e0000000)
  object space 44544K, 47% used [0x00000000a0000000,0x00000000a147c3a0,0x00000000a2b80000)
 Metaspace       used 50746K, capacity 51984K, committed 52224K, reserved 1093632K
  class space    used 6849K, capacity 7136K, committed 7168K, reserved 1048576K
Event: 66.008 GC heap after
Heap after GC invocations=19 (full 2):
 PSYoungGen      total 152064K, used 10238K [0x00000000e0000000, 0x00000000ecd00000, 0x0000000100000000)
  eden space 141824K, 0% used [0x00000000e0000000,0x00000000e0000000,0x00000000e8a80000)
  from space 10240K, 99% used [0x00000000e8a80000,0x00000000e947fb70,0x00000000e9480000)
  to   space 15872K, 0% used [0x00000000ebd80000,0x00000000ebd80000,0x00000000ecd00000)
 ParOldGen       total 44544K, used 31328K [0x00000000a0000000, 0x00000000a2b80000, 0x00000000e0000000)
  object space 44544K, 70% used [0x00000000a0000000,0x00000000a1e98360,0x00000000a2b80000)
 Metaspace       used 50746K, capacity 51984K, committed 52224K, reserved 1093632K
  class space    used 6849K, capacity 7136K, committed 7168K, reserved 1048576K
}
Event: 73.026 GC heap before
{Heap before GC invocations=20 (full 2):
 PSYoungGen      total 152064K, used 152062K [0x00000000e0000000, 0x00000000ecd00000, 0x0000000100000000)
  eden space 141824K, 100% used [0x00000000e0000000,0x00000000e8a80000,0x00000000e8a80000)
  from space 10240K, 99% used [0x00000000e8a80000,0x00000000e947fb70,0x00000000e9480000)
  to   space 15872K, 0% used [0x00000000ebd80000,0x00000000ebd80000,0x00000000ecd00000)
 ParOldGen       total 44544K, used 31328K [0x00000000a0000000, 0x00000000a2b80000, 0x00000000e0000000)
  object space 44544K, 70% used [0x00000000a0000000,0x00000000a1e98360,0x00000000a2b80000)
 Metaspace       used 52615K, capacity 53944K, committed 54272K, reserved 1095680K
  class space    used 7064K, capacity 7338K, committed 7424K, reserved 1048576K

