# JRE version: Java(TM) SE Runtime Environment (8.0_121-b13) (build 1.8.0_121-b13)
# Java VM: Java HotSpot(TM) 64-Bit Server VM (25.121-b13 mixed mode windows-amd64 compressed oops)
Heap:
 PSYoungGen      total 39936K, used 4063K [0x00000000e0000000, 0x00000000e4e00000, 0x0000000100000000)
  eden space 32768K, 12% used [0x00000000e0000000,0x00000000e03f7c50,0x00000000e2000000)
  from space 7168K, 0% used [0x00000000e2000000,0x00000000e2000000,0x00000000e2700000)
  to   space 7168K, 0% used [0x00000000e4700000,0x00000000e4700000,0x00000000e4e00000)
 ParOldGen       total 31744K, used 8279K [0x00000000a0000000, 0x00000000a1f00000, 0x00000000e0000000)
  object space 31744K, 26% used [0x00000000a0000000,0x00000000a0815de0,0x00000000a1f00000)
 Metaspace       used 21404K, capacity 21778K, committed 22016K, reserved 1069056K
  class space    used 2914K, capacity 3048K, committed 3072K, reserved 1048576K
GC Heap History (10 events):
Event: 2.958 GC heap before
{Heap before GC invocations=4 (full 0):
 PSYoungGen      total 18944K, used 18928K [0x00000000e0000000, 0x00000000e1500000, 0x0000000100000000)
  eden space 16384K, 100% used [0x00000000e0000000,0x00000000e1000000,0x00000000e1000000)
  from space 2560K, 99% used [0x00000000e1000000,0x00000000e127c010,0x00000000e1280000)
  to   space 2560K, 0% used [0x00000000e1280000,0x00000000e1280000,0x00000000e1500000)
 ParOldGen       total 44032K, used 2196K [0x00000000a0000000, 0x00000000a2b00000, 0x00000000e0000000)
  object space 44032K, 4% used [0x00000000a0000000,0x00000000a02251c0,0x00000000a2b00000)
 Metaspace       used 13050K, capacity 13418K, committed 13440K, reserved 1060864K
  class space    used 1797K, capacity 1913K, committed 1920K, reserved 1048576K
Event: 2.970 GC heap after
Heap after GC invocations=4 (full 0):
 PSYoungGen      total 18944K, used 2528K [0x00000000e0000000, 0x00000000e2500000, 0x0000000100000000)
  eden space 16384K, 0% used [0x00000000e0000000,0x00000000e0000000,0x00000000e1000000)
  from space 2560K, 98% used [0x00000000e1280000,0x00000000e14f8020,0x00000000e1500000)
  to   space 2560K, 0% used [0x00000000e1000000,0x00000000e1000000,0x00000000e1280000)
 ParOldGen       total 44032K, used 4130K [0x00000000a0000000, 0x00000000a2b00000, 0x00000000e0000000)
  object space 44032K, 9% used [0x00000000a0000000,0x00000000a0408a18,0x00000000a2b00000)
 Metaspace       used 13050K, capacity 13418K, committed 13440K, reserved 1060864K
  class space    used 1797K, capacity 1913K, committed 1920K, reserved 1048576K
}
Event: 3.537 GC heap before
{Heap before GC invocations=5 (full 0):
 PSYoungGen      total 18944K, used 18912K [0x00000000e0000000, 0x00000000e2500000, 0x0000000100000000)
  eden space 16384K, 100% used [0x00000000e0000000,0x00000000e1000000,0x00000000e1000000)
  from space 2560K, 98% used [0x00000000e1280000,0x00000000e14f8020,0x00000000e1500000)
  to   space 2560K, 0% used [0x00000000e1000000,0x00000000e1000000,0x00000000e1280000)
 ParOldGen       total 44032K, used 4130K [0x00000000a0000000, 0x00000000a2b00000, 0x00000000e0000000)
  object space 44032K, 9% used [0x00000000a0000000,0x00000000a0408a18,0x00000000a2b00000)
 Metaspace       used 17094K, capacity 17450K, committed 17536K, reserved 1064960K
  class space    used 2298K, capacity 2425K, committed 2432K, reserved 1048576K
Event: 3.550 GC heap after
Heap after GC invocations=5 (full 0):
 PSYoungGen      total 18944K, used 2544K [0x00000000e0000000, 0x00000000e2e00000, 0x0000000100000000)
  eden space 16384K, 0% used [0x00000000e0000000,0x00000000e0000000,0x00000000e1000000)
  from space 2560K, 99% used [0x00000000e1000000,0x00000000e127c010,0x00000000e1280000)
  to   space 7168K, 0% used [0x00000000e2700000,0x00000000e2700000,0x00000000e2e00000)
 ParOldGen       total 44032K, used 8089K [0x00000000a0000000, 0x00000000a2b00000, 0x00000000e0000000)
  object space 44032K, 18% used [0x00000000a0000000,0x00000000a07e6600,0x00000000a2b00000)
 Metaspace       used 17094K, capacity 17450K, committed 17536K, reserved 1064960K
  class space    used 2298K, capacity 2425K, committed 2432K, reserved 1048576K
}
Event: 4.244 GC heap before
{Heap before GC invocations=6 (full 0):
 PSYoungGen      total 18944K, used 18526K [0x00000000e0000000, 0x00000000e2e00000, 0x0000000100000000)
  eden space 16384K, 97% used [0x00000000e0000000,0x00000000e0f9bb98,0x00000000e1000000)
  from space 2560K, 99% used [0x00000000e1000000,0x00000000e127c010,0x00000000e1280000)
  to   space 7168K, 0% used [0x00000000e2700000,0x00000000e2700000,0x00000000e2e00000)
 ParOldGen       total 44032K, used 8089K [0x00000000a0000000, 0x00000000a2b00000, 0x00000000e0000000)
  object space 44032K, 18% used [0x00000000a0000000,0x00000000a07e6600,0x00000000a2b00000)
 Metaspace       used 18783K, capacity 19086K, committed 19456K, reserved 1067008K
  class space    used 2574K, capacity 2689K, committed 2816K, reserved 1048576K
Event: 4.974 GC heap after
Heap after GC invocations=6 (full 0):
 PSYoungGen      total 39936K, used 4911K [0x00000000e0000000, 0x00000000e2e00000, 0x0000000100000000)
  eden space 32768K, 0% used [0x00000000e0000000,0x00000000e0000000,0x00000000e2000000)
  from space 7168K, 68% used [0x00000000e2700000,0x00000000e2bcbdb0,0x00000000e2e00000)
  to   space 7168K, 0% used [0x00000000e2000000,0x00000000e2000000,0x00000000e2700000)
 ParOldGen       total 44032K, used 8089K [0x00000000a0000000, 0x00000000a2b00000, 0x00000000e0000000)
  object space 44032K, 18% used [0x00000000a0000000,0x00000000a07e6600,0x00000000a2b00000)
 Metaspace       used 18783K, capacity 19086K, committed 19456K, reserved 1067008K
  class space    used 2574K, capacity 2689K, committed 2816K, reserved 1048576K
}
Event: 5.573 GC heap before
{Heap before GC invocations=7 (full 0):
 PSYoungGen      total 39936K, used 25794K [0x00000000e0000000, 0x00000000e2e00000, 0x0000000100000000)
  eden space 32768K, 63% used [0x00000000e0000000,0x00000000e1464d38,0x00000000e2000000)
  from space 7168K, 68% used [0x00000000e2700000,0x00000000e2bcbdb0,0x00000000e2e00000)
  to   space 7168K, 0% used [0x00000000e2000000,0x00000000e2000000,0x00000000e2700000)
 ParOldGen       total 44032K, used 8089K [0x00000000a0000000, 0x00000000a2b00000, 0x00000000e0000000)
  object space 44032K, 18% used [0x00000000a0000000,0x00000000a07e6600,0x00000000a2b00000)
 Metaspace       used 20876K, capacity 21202K, committed 21296K, reserved 1067008K
  class space    used 2814K, capacity 2920K, committed 2944K, reserved 1048576K
Event: 5.617 GC heap after
Heap after GC invocations=7 (full 0):
 PSYoungGen      total 39936K, used 5016K [0x00000000e0000000, 0x00000000e4e00000, 0x0000000100000000)
  eden space 32768K, 0% used [0x00000000e0000000,0x00000000e0000000,0x00000000e2000000)
  from space 7168K, 69% used [0x00000000e2000000,0x00000000e24e6258,0x00000000e2700000)
  to   space 7168K, 0% used [0x00000000e4700000,0x00000000e4700000,0x00000000e4e00000)
 ParOldGen       total 44032K, used 8745K [0x00000000a0000000, 0x00000000a2b00000, 0x00000000e0000000)
  object space 44032K, 19% used [0x00000000a0000000,0x00000000a088a640,0x00000000a2b00000)
 Metaspace       used 20876K, capacity 21202K, committed 21296K, reserved 1067008K
  class space    used 2814K, capacity 2920K, committed 2944K, reserved 1048576K
}
Event: 5.617 GC heap before
{Heap before GC invocations=8 (full 1):
 PSYoungGen      total 39936K, used 5016K [0x00000000e0000000, 0x00000000e4e00000, 0x0000000100000000)
  eden space 32768K, 0% used [0x00000000e0000000,0x00000000e0000000,0x00000000e2000000)
  from space 7168K, 69% used [0x00000000e2000000,0x00000000e24e6258,0x00000000e2700000)
  to   space 7168K, 0% used [0x00000000e4700000,0x00000000e4700000,0x00000000e4e00000)
 ParOldGen       total 44032K, used 8745K [0x00000000a0000000, 0x00000000a2b00000, 0x00000000e0000000)
  object space 44032K, 19% used [0x00000000a0000000,0x00000000a088a640,0x00000000a2b00000)
 Metaspace       used 20876K, capacity 21202K, committed 21296K, reserved 1067008K
  class space    used 2814K, capacity 2920K, committed 2944K, reserved 1048576K
Event: 5.776 GC heap after
Heap after GC invocations=8 (full 1):
 PSYoungGen      total 39936K, used 0K [0x00000000e0000000, 0x00000000e4e00000, 0x0000000100000000)
  eden space 32768K, 0% used [0x00000000e0000000,0x00000000e0000000,0x00000000e2000000)
  from space 7168K, 0% used [0x00000000e2000000,0x00000000e2000000,0x00000000e2700000)
  to   space 7168K, 0% used [0x00000000e4700000,0x00000000e4700000,0x00000000e4e00000)
 ParOldGen       total 31744K, used 8279K [0x00000000a0000000, 0x00000000a1f00000, 0x00000000e0000000)
  object space 31744K, 26% used [0x00000000a0000000,0x00000000a0815de0,0x00000000a1f00000)
 Metaspace       used 20876K, capacity 21202K, committed 21296K, reserved 1067008K
  class space    used 2814K, capacity 2920K, committed 2944K, reserved 1048576K
}

