# JRE version: Java(TM) SE Runtime Environment (8.0_121-b13) (build 1.8.0_121-b13)
# Java VM: Java HotSpot(TM) 64-Bit Server VM (25.121-b13 mixed mode windows-amd64 compressed oops)
Heap:
 PSYoungGen      total 258048K, used 258022K [0x00000000e0000000, 0x00000000f4f80000, 0x0000000100000000)
  eden space 214016K, 100% used [0x00000000e0000000,0x00000000ed100000,0x00000000ed100000)
  from space 44032K, 99% used [0x00000000f0780000,0x00000000f3279b68,0x00000000f3280000)
  to   space 55808K, 91% used [0x00000000ed100000,0x00000000f0320a88,0x00000000f0780000)
 ParOldGen       total 117248K, used 78029K [0x00000000a0000000, 0x00000000a7280000, 0x00000000e0000000)
  object space 117248K, 66% used [0x00000000a0000000,0x00000000a4c33738,0x00000000a7280000)
 Metaspace       used 68353K, capacity 70550K, committed 71552K, reserved 1112064K
  class space    used 8666K, capacity 9020K, committed 9344K, reserved 1048576K
GC Heap History (10 events):
Event: 7516.399 GC heap after
Heap after GC invocations=36 (full 5):
 PSYoungGen      total 187392K, used 29678K [0x00000000e0000000, 0x00000000efb00000, 0x0000000100000000)
  eden space 157696K, 0% used [0x00000000e0000000,0x00000000e0000000,0x00000000e9a00000)
  from space 29696K, 99% used [0x00000000e9a00000,0x00000000eb6fb9b0,0x00000000eb700000)
  to   space 37888K, 0% used [0x00000000ed600000,0x00000000ed600000,0x00000000efb00000)
 ParOldGen       total 60928K, used 60255K [0x00000000a0000000, 0x00000000a3b80000, 0x00000000e0000000)
  object space 60928K, 98% used [0x00000000a0000000,0x00000000a3ad7ef0,0x00000000a3b80000)
 Metaspace       used 67793K, capacity 70092K, committed 71040K, reserved 1112064K
  class space    used 8675K, capacity 9045K, committed 9344K, reserved 1048576K
}
Event: 7516.399 GC heap before
{Heap before GC invocations=37 (full 6):
 PSYoungGen      total 187392K, used 29678K [0x00000000e0000000, 0x00000000efb00000, 0x0000000100000000)
  eden space 157696K, 0% used [0x00000000e0000000,0x00000000e0000000,0x00000000e9a00000)
  from space 29696K, 99% used [0x00000000e9a00000,0x00000000eb6fb9b0,0x00000000eb700000)
  to   space 37888K, 0% used [0x00000000ed600000,0x00000000ed600000,0x00000000efb00000)
 ParOldGen       total 60928K, used 60255K [0x00000000a0000000, 0x00000000a3b80000, 0x00000000e0000000)
  object space 60928K, 98% used [0x00000000a0000000,0x00000000a3ad7ef0,0x00000000a3b80000)
 Metaspace       used 67793K, capacity 70092K, committed 71040K, reserved 1112064K
  class space    used 8675K, capacity 9045K, committed 9344K, reserved 1048576K
Event: 7517.227 GC heap after
Heap after GC invocations=37 (full 6):
 PSYoungGen      total 187392K, used 7609K [0x00000000e0000000, 0x00000000efb00000, 0x0000000100000000)
  eden space 157696K, 0% used [0x00000000e0000000,0x00000000e0000000,0x00000000e9a00000)
  from space 29696K, 25% used [0x00000000e9a00000,0x00000000ea16e6d8,0x00000000eb700000)
  to   space 37888K, 0% used [0x00000000ed600000,0x00000000ed600000,0x00000000efb00000)
 ParOldGen       total 117248K, used 60733K [0x00000000a0000000, 0x00000000a7280000, 0x00000000e0000000)
  object space 117248K, 51% used [0x00000000a0000000,0x00000000a3b4f470,0x00000000a7280000)
 Metaspace       used 67731K, capacity 69974K, committed 71040K, reserved 1112064K
  class space    used 8662K, capacity 9020K, committed 9344K, reserved 1048576K
}
Event: 7519.005 GC heap before
{Heap before GC invocations=38 (full 6):
 PSYoungGen      total 187392K, used 165305K [0x00000000e0000000, 0x00000000efb00000, 0x0000000100000000)
  eden space 157696K, 100% used [0x00000000e0000000,0x00000000e9a00000,0x00000000e9a00000)
  from space 29696K, 25% used [0x00000000e9a00000,0x00000000ea16e6d8,0x00000000eb700000)
  to   space 37888K, 0% used [0x00000000ed600000,0x00000000ed600000,0x00000000efb00000)
 ParOldGen       total 117248K, used 60733K [0x00000000a0000000, 0x00000000a7280000, 0x00000000e0000000)
  object space 117248K, 51% used [0x00000000a0000000,0x00000000a3b4f470,0x00000000a7280000)
 Metaspace       used 68038K, capacity 70230K, committed 71296K, reserved 1112064K
  class space    used 8665K, capacity 9020K, committed 9344K, reserved 1048576K
Event: 7519.111 GC heap after
Heap after GC invocations=38 (full 6):
 PSYoungGen      total 219648K, used 21400K [0x00000000e0000000, 0x00000000f0480000, 0x0000000100000000)
  eden space 181760K, 0% used [0x00000000e0000000,0x00000000e0000000,0x00000000eb180000)
  from space 37888K, 56% used [0x00000000ed600000,0x00000000eeae6188,0x00000000efb00000)
  to   space 37376K, 0% used [0x00000000eb180000,0x00000000eb180000,0x00000000ed600000)
 ParOldGen       total 117248K, used 60733K [0x00000000a0000000, 0x00000000a7280000, 0x00000000e0000000)
  object space 117248K, 51% used [0x00000000a0000000,0x00000000a3b4f470,0x00000000a7280000)
 Metaspace       used 68038K, capacity 70230K, committed 71296K, reserved 1112064K
  class space    used 8665K, capacity 9020K, committed 9344K, reserved 1048576K
}
Event: 7520.389 GC heap before
{Heap before GC invocations=39 (full 6):
 PSYoungGen      total 219648K, used 203160K [0x00000000e0000000, 0x00000000f0480000, 0x0000000100000000)
  eden space 181760K, 100% used [0x00000000e0000000,0x00000000eb180000,0x00000000eb180000)
  from space 37888K, 56% used [0x00000000ed600000,0x00000000eeae6188,0x00000000efb00000)
  to   space 37376K, 0% used [0x00000000eb180000,0x00000000eb180000,0x00000000ed600000)
 ParOldGen       total 117248K, used 60733K [0x00000000a0000000, 0x00000000a7280000, 0x00000000e0000000)
  object space 117248K, 51% used [0x00000000a0000000,0x00000000a3b4f470,0x00000000a7280000)
 Metaspace       used 68274K, capacity 70486K, committed 71552K, reserved 1112064K
  class space    used 8665K, capacity 9020K, committed 9344K, reserved 1048576K
Event: 7520.469 GC heap after
Heap after GC invocations=39 (full 6):
 PSYoungGen      total 219136K, used 37344K [0x00000000e0000000, 0x00000000f3280000, 0x0000000100000000)
  eden space 181760K, 0% used [0x00000000e0000000,0x00000000e0000000,0x00000000eb180000)
  from space 37376K, 99% used [0x00000000eb180000,0x00000000ed5f82f0,0x00000000ed600000)
  to   space 44032K, 0% used [0x00000000f0780000,0x00000000f0780000,0x00000000f3280000)
 ParOldGen       total 117248K, used 63623K [0x00000000a0000000, 0x00000000a7280000, 0x00000000e0000000)
  object space 117248K, 54% used [0x00000000a0000000,0x00000000a3e21d98,0x00000000a7280000)
 Metaspace       used 68274K, capacity 70486K, committed 71552K, reserved 1112064K
  class space    used 8665K, capacity 9020K, committed 9344K, reserved 1048576K
}
Event: 7521.342 GC heap before
{Heap before GC invocations=40 (full 6):
 PSYoungGen      total 219136K, used 219104K [0x00000000e0000000, 0x00000000f3280000, 0x0000000100000000)
  eden space 181760K, 100% used [0x00000000e0000000,0x00000000eb180000,0x00000000eb180000)
  from space 37376K, 99% used [0x00000000eb180000,0x00000000ed5f82f0,0x00000000ed600000)
  to   space 44032K, 0% used [0x00000000f0780000,0x00000000f0780000,0x00000000f3280000)
 ParOldGen       total 117248K, used 63623K [0x00000000a0000000, 0x00000000a7280000, 0x00000000e0000000)
  object space 117248K, 54% used [0x00000000a0000000,0x00000000a3e21d98,0x00000000a7280000)
 Metaspace       used 68323K, capacity 70486K, committed 71552K, reserved 1112064K
  class space    used 8666K, capacity 9020K, committed 9344K, reserved 1048576K
Event: 7521.536 GC heap after
Heap after GC invocations=40 (full 6):
 PSYoungGen      total 258048K, used 44006K [0x00000000e0000000, 0x00000000f4f80000, 0x0000000100000000)
  eden space 214016K, 0% used [0x00000000e0000000,0x00000000e0000000,0x00000000ed100000)
  from space 44032K, 99% used [0x00000000f0780000,0x00000000f3279b68,0x00000000f3280000)
  to   space 55808K, 0% used [0x00000000ed100000,0x00000000ed100000,0x00000000f0780000)
 ParOldGen       total 117248K, used 76122K [0x00000000a0000000, 0x00000000a7280000, 0x00000000e0000000)
  object space 117248K, 64% used [0x00000000a0000000,0x00000000a4a56960,0x00000000a7280000)
 Metaspace       used 68323K, capacity 70486K, committed 71552K, reserved 1112064K
  class space    used 8666K, capacity 9020K, committed 9344K, reserved 1048576K
}
Event: 7523.215 GC heap before
{Heap before GC invocations=41 (full 6):
 PSYoungGen      total 258048K, used 258022K [0x00000000e0000000, 0x00000000f4f80000, 0x0000000100000000)
  eden space 214016K, 100% used [0x00000000e0000000,0x00000000ed100000,0x00000000ed100000)
  from space 44032K, 99% used [0x00000000f0780000,0x00000000f3279b68,0x00000000f3280000)
  to   space 55808K, 0% used [0x00000000ed100000,0x00000000ed100000,0x00000000f0780000)
 ParOldGen       total 117248K, used 76122K [0x00000000a0000000, 0x00000000a7280000, 0x00000000e0000000)
  object space 117248K, 64% used [0x00000000a0000000,0x00000000a4a56960,0x00000000a7280000)
 Metaspace       used 68353K, capacity 70550K, committed 71552K, reserved 1112064K
  class space    used 8666K, capacity 9020K, committed 9344K, reserved 1048576K

